<?xml version="1.0" encoding="UTF-8"?>
<!-- Generated by org.testng.reporters.JUnitXMLReporter -->
<testsuite ignored="0" hostname="Shlook" failures="1" tests="1" name="functionaltest" time="6.938" errors="0" timestamp="2023-05-26T02:48:25 EDT">
  <testcase classname="io.cucumber.testng.AbstractTestNGCucumberTests" name="runScenario" time="6.575">
    <failure type="java.lang.AssertionError" message="expected [Home] but found [expected]">
      <![CDATA[java.lang.AssertionError: expected [Home] but found [expected]
at smarttech.ny.stepdefinitions.FunctionalStepDef.verify_that_home_page_is_visible_successfully(FunctionalStepDef.java:29)
at âœ½.Verify that home page is visible successfully(file:///C:/Users/nathb/eclipse-workspace/Automation_Excercising_E2E/./Features/functionalTest.feature:6)
... Removed 6 stack frames]]>
    </failure>
  </testcase> <!-- runScenario -->
</testsuite> <!-- functionaltest -->
