<?xml version="1.0" encoding="UTF-8"?>
<!-- Generated by org.testng.reporters.JUnitReportReporter -->
<testsuite hostname="Shlook" failures="1" tests="1" name="smarttech.ny.testrunner.MyRunner" time="6.575" errors="0" timestamp="2023-05-26T02:48:25 EDT" skipped="0">
  <testcase classname="smarttech.ny.testrunner.MyRunner" name="runScenario" time="6.575">
    <failure message="expected [Home] but found [expected]" type="java.lang.AssertionError">
      <![CDATA[java.lang.AssertionError: expected [Home] but found [expected]
at org.testng.Assert.fail(Assert.java:99)
at org.testng.Assert.failNotEquals(Assert.java:1037)
at org.testng.Assert.assertEqualsImpl(Assert.java:140)
at org.testng.Assert.assertEquals(Assert.java:122)
at org.testng.Assert.assertEquals(Assert.java:629)
at org.testng.Assert.assertEquals(Assert.java:639)
at smarttech.ny.stepdefinitions.FunctionalStepDef.verify_that_home_page_is_visible_successfully(FunctionalStepDef.java:29)
at âœ½.Verify that home page is visible successfully(file:///C:/Users/nathb/eclipse-workspace/Automation_Excercising_E2E/./Features/functionalTest.feature:6)
]]>
    </failure>
  </testcase> <!-- runScenario -->
  <system-out/>
</testsuite> <!-- smarttech.ny.testrunner.MyRunner -->
